2023-03-30T10:20:32+00:00 DEBUG tt4b_product_sync: missing access token for tt4b_product_sync
2023-03-30T10:26:01+00:00 DEBUG Tt4b_Pixel_Class::inject_view_content_event: hit injectViewContentEvent
2023-03-30T10:26:01+00:00 DEBUG Tt4b_Pixel_Class::inject_view_content_event: Missing option "access_token"
2023-03-30T10:26:05+00:00 DEBUG Tt4b_Pixel_Class::inject_view_content_event: hit injectViewContentEvent
2023-03-30T10:26:05+00:00 DEBUG Tt4b_Pixel_Class::inject_view_content_event: Missing option "access_token"
2023-03-30T10:40:13+00:00 DEBUG tt4b_product_sync: missing access token for tt4b_product_sync
2023-03-30T10:40:40+00:00 DEBUG Tt4b_Pixel_Class::inject_view_content_event: hit injectViewContentEvent
2023-03-30T10:40:40+00:00 DEBUG Tt4b_Pixel_Class::inject_view_content_event: Missing option "access_token"
2023-03-30T10:42:03+00:00 DEBUG tt4b_product_sync: missing access token for tt4b_product_sync
2023-03-30T10:43:12+00:00 DEBUG tt4b_product_sync: missing access token for tt4b_product_sync
2023-03-30T10:51:45+00:00 DEBUG tt4b_product_sync: missing access token for tt4b_product_sync
2023-03-30T10:52:19+00:00 DEBUG Tt4b_Pixel_Class::inject_view_content_event: hit injectViewContentEvent
2023-03-30T10:52:19+00:00 DEBUG Tt4b_Pixel_Class::inject_view_content_event: Missing option "access_token"
2023-03-30T10:54:29+00:00 DEBUG tt4b_product_sync: missing access token for tt4b_product_sync
2023-03-30T10:55:52+00:00 DEBUG Tt4b_Pixel_Class::inject_view_content_event: hit injectViewContentEvent
2023-03-30T10:55:52+00:00 DEBUG Tt4b_Pixel_Class::inject_view_content_event: Missing option "access_token"
2023-03-30T10:57:32+00:00 DEBUG tt4b_product_sync: missing access token for tt4b_product_sync
2023-03-30T11:14:36+00:00 DEBUG tt4b_product_sync: missing access token for tt4b_product_sync
2023-03-30T11:18:26+00:00 DEBUG tt4b_product_sync: missing access token for tt4b_product_sync
2023-03-30T11:19:17+00:00 DEBUG tt4b_product_sync: missing access token for tt4b_product_sync
2023-03-30T11:19:53+00:00 DEBUG tt4b_product_sync: missing access token for tt4b_product_sync
2023-03-30T11:46:54+00:00 DEBUG Tt4b_Pixel_Class::inject_view_content_event: hit injectViewContentEvent
2023-03-30T11:46:54+00:00 DEBUG Tt4b_Pixel_Class::inject_view_content_event: Missing option "access_token"
2023-03-30T11:47:02+00:00 DEBUG Tt4b_Pixel_Class::inject_add_to_cart_event: hit injectAddToCartEvent
2023-03-30T11:47:02+00:00 DEBUG Tt4b_Pixel_Class::inject_add_to_cart_event: Missing option "access_token"
2023-03-30T11:47:03+00:00 DEBUG Tt4b_Pixel_Class::inject_view_content_event: hit injectViewContentEvent
2023-03-30T11:47:03+00:00 DEBUG Tt4b_Pixel_Class::inject_view_content_event: Missing option "access_token"
2023-03-30T11:47:15+00:00 DEBUG Tt4b_Pixel_Class::inject_add_to_cart_event: hit injectAddToCartEvent
2023-03-30T11:47:15+00:00 DEBUG Tt4b_Pixel_Class::inject_add_to_cart_event: Missing option "access_token"
2023-03-30T11:47:16+00:00 DEBUG Tt4b_Pixel_Class::inject_view_content_event: hit injectViewContentEvent
2023-03-30T11:47:16+00:00 DEBUG Tt4b_Pixel_Class::inject_view_content_event: Missing option "access_token"
2023-03-30T11:47:30+00:00 DEBUG Tt4b_Pixel_Class::inject_add_to_cart_event: hit injectAddToCartEvent
2023-03-30T11:47:30+00:00 DEBUG Tt4b_Pixel_Class::inject_add_to_cart_event: Missing option "access_token"
2023-03-30T11:47:34+00:00 DEBUG Tt4b_Pixel_Class::inject_add_to_cart_event: hit injectAddToCartEvent
2023-03-30T11:47:34+00:00 DEBUG Tt4b_Pixel_Class::inject_add_to_cart_event: Missing option "access_token"
2023-03-30T11:47:35+00:00 DEBUG Tt4b_Pixel_Class::inject_view_content_event: hit injectViewContentEvent
2023-03-30T11:47:35+00:00 DEBUG Tt4b_Pixel_Class::inject_view_content_event: Missing option "access_token"
2023-03-30T11:47:59+00:00 DEBUG Tt4b_Pixel_Class::inject_start_checkout: hit injectStartCheckout
2023-03-30T11:47:59+00:00 DEBUG Tt4b_Pixel_Class::inject_start_checkout: Missing option "access_token"
2023-03-30T12:06:57+00:00 DEBUG Tt4b_Pixel_Class::inject_start_checkout: hit injectStartCheckout
2023-03-30T12:06:57+00:00 DEBUG Tt4b_Pixel_Class::inject_start_checkout: Missing option "access_token"
2023-03-30T12:06:59+00:00 DEBUG tt4b_product_sync: missing access token for tt4b_product_sync
2023-03-30T12:07:00+00:00 DEBUG tt4b_product_sync: missing access token for tt4b_product_sync
2023-03-30T12:07:00+00:00 DEBUG tt4b_product_sync: missing access token for tt4b_product_sync
2023-03-30T12:07:01+00:00 DEBUG tt4b_product_sync: missing access token for tt4b_product_sync
2023-03-30T12:07:01+00:00 DEBUG tt4b_product_sync: missing access token for tt4b_product_sync
2023-03-30T12:07:01+00:00 DEBUG tt4b_product_sync: missing access token for tt4b_product_sync
2023-03-30T12:07:02+00:00 DEBUG tt4b_product_sync: missing access token for tt4b_product_sync
2023-03-30T12:07:02+00:00 DEBUG tt4b_product_sync: missing access token for tt4b_product_sync
2023-03-30T12:07:03+00:00 DEBUG tt4b_product_sync: missing access token for tt4b_product_sync
2023-03-30T12:07:03+00:00 DEBUG tt4b_product_sync: missing access token for tt4b_product_sync
2023-03-30T12:07:03+00:00 DEBUG tt4b_product_sync: missing access token for tt4b_product_sync
2023-03-30T12:07:03+00:00 DEBUG tt4b_product_sync: missing access token for tt4b_product_sync
2023-03-30T12:13:49+00:00 DEBUG tt4b_product_sync: missing access token for tt4b_product_sync
2023-03-30T12:13:49+00:00 DEBUG tt4b_product_delete: missing access token for tt4b_product_sync
2023-03-30T12:13:49+00:00 DEBUG tt4b_product_sync: missing access token for tt4b_product_sync
2023-03-30T12:13:49+00:00 DEBUG tt4b_product_delete: missing access token for tt4b_product_sync
2023-03-30T12:13:49+00:00 DEBUG tt4b_product_sync: missing access token for tt4b_product_sync
2023-03-30T12:13:49+00:00 DEBUG tt4b_product_delete: missing access token for tt4b_product_sync
2023-03-30T12:15:49+00:00 DEBUG Tt4b_Pixel_Class::inject_add_to_cart_event: hit injectAddToCartEvent
2023-03-30T12:15:49+00:00 DEBUG Tt4b_Pixel_Class::inject_add_to_cart_event: Missing option "access_token"
2023-03-30T12:16:30+00:00 DEBUG Tt4b_Pixel_Class::inject_start_checkout: hit injectStartCheckout
2023-03-30T12:16:30+00:00 DEBUG Tt4b_Pixel_Class::inject_start_checkout: Missing option "access_token"
